<?xml version="1.0" encoding="UTF-8"?>
<!-- Generated by org.testng.reporters.JUnitReportReporter -->
<testsuite hostname="HP-15s" failures="0" tests="1" name="pages.SauceLabExe" time="22.994" errors="0" timestamp="2025-08-11T11:43:13 IST" skipped="0">
  <testcase classname="pages.SauceLabExe" name="runOnSauceLabs" time="22.994"/>
</testsuite> <!-- pages.SauceLabExe -->
